mode: set
thelsblog-server/cmd/api/handlers.go:27.71,39.16 5 0
thelsblog-server/cmd/api/handlers.go:39.16,44.3 4 0
thelsblog-server/cmd/api/handlers.go:47.2,51.16 3 0
thelsblog-server/cmd/api/handlers.go:51.16,54.3 2 0
thelsblog-server/cmd/api/handlers.go:57.2,58.34 2 0
thelsblog-server/cmd/api/handlers.go:58.34,61.3 2 0
thelsblog-server/cmd/api/handlers.go:63.2,63.22 1 0
thelsblog-server/cmd/api/handlers.go:63.22,66.3 2 0
thelsblog-server/cmd/api/handlers.go:69.2,70.16 2 0
thelsblog-server/cmd/api/handlers.go:70.16,73.3 2 0
thelsblog-server/cmd/api/handlers.go:76.2,77.16 2 0
thelsblog-server/cmd/api/handlers.go:77.16,80.3 2 0
thelsblog-server/cmd/api/handlers.go:83.2,93.16 3 0
thelsblog-server/cmd/api/handlers.go:93.16,95.3 1 0
thelsblog-server/cmd/api/handlers.go:99.72,105.16 3 0
thelsblog-server/cmd/api/handlers.go:105.16,108.3 2 0
thelsblog-server/cmd/api/handlers.go:110.2,111.16 2 0
thelsblog-server/cmd/api/handlers.go:111.16,114.3 2 0
thelsblog-server/cmd/api/handlers.go:116.2,121.46 2 0
thelsblog-server/cmd/api/handlers.go:124.74,127.16 3 1
thelsblog-server/cmd/api/handlers.go:127.16,130.3 2 1
thelsblog-server/cmd/api/handlers.go:132.2,138.42 2 0
thelsblog-server/cmd/api/handlers.go:142.74,145.16 3 0
thelsblog-server/cmd/api/handlers.go:145.16,148.3 2 0
thelsblog-server/cmd/api/handlers.go:150.2,150.18 1 0
thelsblog-server/cmd/api/handlers.go:150.18,152.57 1 0
thelsblog-server/cmd/api/handlers.go:152.57,155.4 2 0
thelsblog-server/cmd/api/handlers.go:156.8,159.17 2 0
thelsblog-server/cmd/api/handlers.go:159.17,162.4 2 0
thelsblog-server/cmd/api/handlers.go:163.3,168.36 5 0
thelsblog-server/cmd/api/handlers.go:168.36,171.4 2 0
thelsblog-server/cmd/api/handlers.go:174.3,174.26 1 0
thelsblog-server/cmd/api/handlers.go:174.26,176.18 2 0
thelsblog-server/cmd/api/handlers.go:176.18,179.5 2 0
thelsblog-server/cmd/api/handlers.go:182.2,187.52 2 0
thelsblog-server/cmd/api/handlers.go:191.73,193.16 2 0
thelsblog-server/cmd/api/handlers.go:193.16,196.3 2 0
thelsblog-server/cmd/api/handlers.go:198.2,199.16 2 0
thelsblog-server/cmd/api/handlers.go:199.16,202.3 2 0
thelsblog-server/cmd/api/handlers.go:204.2,204.43 1 0
thelsblog-server/cmd/api/handlers.go:207.76,213.16 3 0
thelsblog-server/cmd/api/handlers.go:213.16,216.3 2 0
thelsblog-server/cmd/api/handlers.go:218.2,219.16 2 0
thelsblog-server/cmd/api/handlers.go:219.16,222.3 2 0
thelsblog-server/cmd/api/handlers.go:224.2,229.46 2 0
thelsblog-server/cmd/api/handlers.go:233.90,236.16 2 0
thelsblog-server/cmd/api/handlers.go:236.16,239.3 2 0
thelsblog-server/cmd/api/handlers.go:241.2,242.16 2 0
thelsblog-server/cmd/api/handlers.go:242.16,245.3 2 0
thelsblog-server/cmd/api/handlers.go:248.2,250.16 3 0
thelsblog-server/cmd/api/handlers.go:250.16,253.3 2 0
thelsblog-server/cmd/api/handlers.go:256.2,257.16 2 0
thelsblog-server/cmd/api/handlers.go:257.16,260.3 2 0
thelsblog-server/cmd/api/handlers.go:262.2,267.52 2 0
thelsblog-server/cmd/api/handlers.go:270.79,276.16 3 0
thelsblog-server/cmd/api/handlers.go:276.16,279.3 2 0
thelsblog-server/cmd/api/handlers.go:281.2,289.46 4 0
thelsblog-server/cmd/api/handlers.go:293.74,295.16 2 0
thelsblog-server/cmd/api/handlers.go:295.16,298.3 2 0
thelsblog-server/cmd/api/handlers.go:300.2,306.42 2 0
thelsblog-server/cmd/api/handlers.go:310.73,314.16 3 0
thelsblog-server/cmd/api/handlers.go:314.16,317.3 2 0
thelsblog-server/cmd/api/handlers.go:319.2,324.42 2 0
thelsblog-server/cmd/api/handlers.go:328.74,340.16 3 0
thelsblog-server/cmd/api/handlers.go:340.16,343.3 2 0
thelsblog-server/cmd/api/handlers.go:345.2,356.42 2 0
thelsblog-server/cmd/api/handlers.go:356.42,359.17 2 0
thelsblog-server/cmd/api/handlers.go:359.17,362.4 2 0
thelsblog-server/cmd/api/handlers.go:365.3,365.110 1 0
thelsblog-server/cmd/api/handlers.go:365.110,368.4 2 0
thelsblog-server/cmd/api/handlers.go:372.2,372.18 1 0
thelsblog-server/cmd/api/handlers.go:372.18,375.17 2 0
thelsblog-server/cmd/api/handlers.go:375.17,378.4 2 0
thelsblog-server/cmd/api/handlers.go:379.8,382.17 2 0
thelsblog-server/cmd/api/handlers.go:382.17,385.4 2 0
thelsblog-server/cmd/api/handlers.go:388.2,393.48 2 0
thelsblog-server/cmd/api/handlers.go:397.74,399.16 2 0
thelsblog-server/cmd/api/handlers.go:399.16,402.3 2 0
thelsblog-server/cmd/api/handlers.go:404.2,405.16 2 0
thelsblog-server/cmd/api/handlers.go:405.16,408.3 2 0
thelsblog-server/cmd/api/handlers.go:410.2,414.42 2 0
thelsblog-server/cmd/api/handlers.go:419.76,425.16 3 0
thelsblog-server/cmd/api/handlers.go:425.16,428.3 2 0
thelsblog-server/cmd/api/handlers.go:430.2,431.16 2 0
thelsblog-server/cmd/api/handlers.go:431.16,434.3 2 0
thelsblog-server/cmd/api/handlers.go:436.2,441.42 2 0
thelsblog-server/cmd/api/helpers.go:14.98,20.16 5 1
thelsblog-server/cmd/api/helpers.go:20.16,22.3 1 0
thelsblog-server/cmd/api/helpers.go:24.2,25.19 2 1
thelsblog-server/cmd/api/helpers.go:25.19,27.3 1 0
thelsblog-server/cmd/api/helpers.go:29.2,29.12 1 1
thelsblog-server/cmd/api/helpers.go:33.118,37.39 2 1
thelsblog-server/cmd/api/helpers.go:37.39,39.17 2 1
thelsblog-server/cmd/api/helpers.go:39.17,41.4 1 0
thelsblog-server/cmd/api/helpers.go:42.3,42.15 1 1
thelsblog-server/cmd/api/helpers.go:43.8,45.17 2 1
thelsblog-server/cmd/api/helpers.go:45.17,47.4 1 0
thelsblog-server/cmd/api/helpers.go:48.3,48.15 1 1
thelsblog-server/cmd/api/helpers.go:51.2,51.22 1 1
thelsblog-server/cmd/api/helpers.go:51.22,52.38 1 1
thelsblog-server/cmd/api/helpers.go:52.38,54.4 1 1
thelsblog-server/cmd/api/helpers.go:57.2,60.16 4 1
thelsblog-server/cmd/api/helpers.go:60.16,62.3 1 0
thelsblog-server/cmd/api/helpers.go:64.2,64.12 1 1
thelsblog-server/cmd/api/helpers.go:68.90,71.21 2 1
thelsblog-server/cmd/api/helpers.go:71.21,73.3 1 1
thelsblog-server/cmd/api/helpers.go:78.2,80.9 2 1
thelsblog-server/cmd/api/helpers.go:81.55,83.36 2 1
thelsblog-server/cmd/api/helpers.go:84.55,86.36 2 1
thelsblog-server/cmd/api/helpers.go:87.55,89.36 2 1
thelsblog-server/cmd/api/helpers.go:90.10,91.18 1 1
thelsblog-server/cmd/api/helpers.go:94.2,100.12 5 1
thelsblog-server/cmd/api/main.go:26.13,41.16 8 0
thelsblog-server/cmd/api/main.go:41.16,43.3 1 0
thelsblog-server/cmd/api/main.go:46.2,59.16 4 0
thelsblog-server/cmd/api/main.go:59.16,61.3 1 0
thelsblog-server/cmd/api/main.go:66.39,74.2 3 0
thelsblog-server/cmd/api/middleware.go:6.77,7.71 1 1
thelsblog-server/cmd/api/middleware.go:7.71,9.17 2 0
thelsblog-server/cmd/api/middleware.go:9.17,17.4 3 0
thelsblog-server/cmd/api/middleware.go:18.3,18.23 1 0
thelsblog-server/cmd/api/routes.go:19.47,45.43 9 1
thelsblog-server/cmd/api/routes.go:45.43,60.3 9 1
thelsblog-server/cmd/api/routes.go:63.2,66.12 3 1
